2024-10-13 18:43:02,716 INFO    Thread-2  :74525 [wandb_setup.py:_flush():79] Current SDK version is 0.18.3
2024-10-13 18:43:02,716 INFO    Thread-2  :74525 [wandb_setup.py:_flush():79] Configure stats pid to 74525
2024-10-13 18:43:02,716 INFO    Thread-2  :74525 [wandb_setup.py:_flush():79] Loading settings from /home/samkit/.config/wandb/settings
2024-10-13 18:43:02,716 INFO    Thread-2  :74525 [wandb_setup.py:_flush():79] Loading settings from /home/samkit/Documents/smai/smai-m24-assignments-samkit-2512j/assignments/3/wandb/settings
2024-10-13 18:43:02,716 INFO    Thread-2  :74525 [wandb_setup.py:_flush():79] Loading settings from environment variables: {'project': 'Multi-Label_hyperparametrs', 'entity': 'samkit_25j_', 'root_dir': '/home/samkit/Documents/smai/smai-m24-assignments-samkit-2512j/assignments/3', 'sweep_id': 'zwclfm7x', 'run_id': '7zu9m4o6', 'sweep_param_path': '/home/samkit/Documents/smai/smai-m24-assignments-samkit-2512j/assignments/3/wandb/sweep-zwclfm7x/config-7zu9m4o6.yaml'}
2024-10-13 18:43:02,716 INFO    Thread-2  :74525 [wandb_setup.py:_flush():79] Applying setup settings: {'mode': None, '_disable_service': None}
2024-10-13 18:43:02,716 INFO    Thread-2  :74525 [wandb_setup.py:_flush():79] Inferring run settings from compute environment: {'program_relpath': 'assignments/3/multi_label_hyperparameter.py', 'program_abspath': '/home/samkit/Documents/smai/smai-m24-assignments-samkit-2512j/assignments/3/multi_label_hyperparameter.py', 'program': 'multi_label_hyperparameter.py'}
2024-10-13 18:43:02,716 INFO    Thread-2  :74525 [wandb_setup.py:_flush():79] Applying login settings: {}
2024-10-13 18:43:02,716 INFO    Thread-2  :74525 [wandb_init.py:_log_setup():532] Logging user logs to /home/samkit/Documents/smai/smai-m24-assignments-samkit-2512j/assignments/3/wandb/run-20241013_184302-7zu9m4o6/logs/debug.log
2024-10-13 18:43:02,717 INFO    Thread-2  :74525 [wandb_init.py:_log_setup():533] Logging internal logs to /home/samkit/Documents/smai/smai-m24-assignments-samkit-2512j/assignments/3/wandb/run-20241013_184302-7zu9m4o6/logs/debug-internal.log
2024-10-13 18:43:02,717 INFO    Thread-2  :74525 [wandb_init.py:init():617] calling init triggers
2024-10-13 18:43:02,717 INFO    Thread-2  :74525 [wandb_init.py:init():624] wandb.init called with sweep_config: {'activations': 'relu', 'batch_size': 256, 'early_stopping': True, 'epochs': 100, 'hidden_layers': [32, 16], 'learning_rate': 0.08869005472836812, 'loss_func': 'bce', 'model': 'multi-label', 'optimizer': 'sgd'}
config: {'hidden_layers': [32, 16], 'learning_rate': 0.01, 'batch_size': 64, 'epochs': 100, 'optimizer': 'mini-batch', 'loss_func': 'bce', 'activation': <class 'models.MLP.activations.tanh'>, 'model': 'multi-label', 'early_stopping': True}
2024-10-13 18:43:02,717 INFO    Thread-2  :74525 [wandb_init.py:init():667] starting backend
2024-10-13 18:43:02,717 INFO    Thread-2  :74525 [wandb_init.py:init():671] sending inform_init request
2024-10-13 18:43:02,721 INFO    Thread-2  :74525 [backend.py:_multiprocessing_setup():104] multiprocessing start_methods=fork,spawn,forkserver, using: spawn
2024-10-13 18:43:02,721 INFO    Thread-2  :74525 [wandb_init.py:init():684] backend started and connected
2024-10-13 18:43:02,728 INFO    Thread-2  :74525 [wandb_run.py:_config_callback():1394] config_cb None None {'activations': 'relu', 'batch_size': 256, 'early_stopping': True, 'epochs': 100, 'hidden_layers': [32, 16], 'learning_rate': 0.08869005472836812, 'loss_func': 'bce', 'model': 'multi-label', 'optimizer': 'sgd'}
2024-10-13 18:43:02,729 INFO    Thread-2  :74525 [wandb_init.py:init():779] updated telemetry
2024-10-13 18:43:02,738 INFO    Thread-2  :74525 [wandb_init.py:init():812] communicating run to backend with 90.0 second timeout
2024-10-13 18:43:03,084 INFO    Thread-2  :74525 [wandb_init.py:init():863] starting run threads in backend
2024-10-13 18:43:03,143 INFO    Thread-2  :74525 [wandb_run.py:_console_start():2465] atexit reg
2024-10-13 18:43:03,143 INFO    Thread-2  :74525 [wandb_run.py:_redirect():2313] redirect: wrap_raw
2024-10-13 18:43:03,143 INFO    Thread-2  :74525 [wandb_run.py:_redirect():2378] Wrapping output streams.
2024-10-13 18:43:03,143 INFO    Thread-2  :74525 [wandb_run.py:_redirect():2403] Redirects installed.
2024-10-13 18:43:03,144 INFO    Thread-2  :74525 [wandb_init.py:init():907] run started, returning control to user process
2024-10-13 18:43:03,156 INFO    Thread-2  :74525 [wandb_setup.py:_flush():79] Current SDK version is 0.18.3
2024-10-13 18:43:03,156 INFO    Thread-2  :74525 [wandb_setup.py:_flush():79] Configure stats pid to 74525
2024-10-13 18:43:03,156 INFO    Thread-2  :74525 [wandb_setup.py:_flush():79] Loading settings from /home/samkit/.config/wandb/settings
2024-10-13 18:43:03,156 INFO    Thread-2  :74525 [wandb_setup.py:_flush():79] Loading settings from /home/samkit/Documents/smai/smai-m24-assignments-samkit-2512j/assignments/3/wandb/settings
2024-10-13 18:43:03,157 INFO    Thread-2  :74525 [wandb_setup.py:_flush():79] Loading settings from environment variables: {'project': 'Multi-Label_hyperparametrs', 'entity': 'samkit_25j_', 'root_dir': '/home/samkit/Documents/smai/smai-m24-assignments-samkit-2512j/assignments/3', 'sweep_id': 'zwclfm7x', 'run_id': '7zu9m4o6', 'sweep_param_path': '/home/samkit/Documents/smai/smai-m24-assignments-samkit-2512j/assignments/3/wandb/sweep-zwclfm7x/config-7zu9m4o6.yaml'}
2024-10-13 18:43:03,157 INFO    Thread-2  :74525 [wandb_setup.py:_flush():79] Applying setup settings: {'mode': None, '_disable_service': None}
2024-10-13 18:43:03,157 INFO    Thread-2  :74525 [wandb_setup.py:_flush():79] Inferring run settings from compute environment: {'program_relpath': 'assignments/3/multi_label_hyperparameter.py', 'program_abspath': '/home/samkit/Documents/smai/smai-m24-assignments-samkit-2512j/assignments/3/multi_label_hyperparameter.py', 'program': 'multi_label_hyperparameter.py'}
2024-10-13 18:43:03,157 INFO    Thread-2  :74525 [wandb_setup.py:_flush():79] Applying login settings: {}
2024-10-13 18:43:03,157 INFO    Thread-2  :74525 [wandb_init.py:_log_setup():532] Logging user logs to /home/samkit/Documents/smai/smai-m24-assignments-samkit-2512j/assignments/3/wandb/run-20241013_184303-7zu9m4o6/logs/debug.log
2024-10-13 18:43:03,157 INFO    Thread-2  :74525 [wandb_init.py:_log_setup():533] Logging internal logs to /home/samkit/Documents/smai/smai-m24-assignments-samkit-2512j/assignments/3/wandb/run-20241013_184303-7zu9m4o6/logs/debug-internal.log
2024-10-13 18:43:03,157 INFO    Thread-2  :74525 [wandb_init.py:init():617] calling init triggers
2024-10-13 18:43:03,157 INFO    Thread-2  :74525 [wandb_init.py:init():624] wandb.init called with sweep_config: {'activations': 'relu', 'batch_size': 256, 'early_stopping': True, 'epochs': 100, 'hidden_layers': [32, 16], 'learning_rate': 0.08869005472836812, 'loss_func': 'bce', 'model': 'multi-label', 'optimizer': 'sgd'}
config: {'hidden_layers': [32, 16], 'learning_rate': 0.08869005472836812, 'activation': 'relu', 'optimizer': 'sgd', 'batch_size': 256, 'epochs': 100, 'model': 'multi-label', 'loss_func': 'bce'}
2024-10-13 18:43:03,157 INFO    Thread-2  :74525 [wandb_init.py:init():662] wandb.init() called when a run is still active
2024-10-13 18:43:03,157 INFO    Thread-2  :74525 [wandb_run.py:_finish():2164] finishing run samkit_25j_/Multi-Label_hyperparametrs/7zu9m4o6
2024-10-13 18:43:03,157 INFO    Thread-2  :74525 [wandb_run.py:_atexit_cleanup():2428] got exitcode: 1
2024-10-13 18:43:03,157 INFO    Thread-2  :74525 [wandb_run.py:_restore():2410] restore
2024-10-13 18:43:03,157 INFO    Thread-2  :74525 [wandb_run.py:_restore():2416] restore done
2024-10-13 18:43:07,160 INFO    Thread-2  :74525 [wandb_run.py:_restore():2410] restore
2024-10-13 18:43:07,160 INFO    Thread-2  :74525 [wandb_run.py:_restore():2416] restore done
2024-10-13 18:43:07,161 ERROR   Thread-2  :74525 [wandb_run.py:_atexit_cleanup():2449] Problem finishing run
Traceback (most recent call last):
  File "multi_label_hyperparameter.py", line 146, in run
    model.fit(X_train,y_train,X_val,y_val,6, log_wandb=True)
  File "/home/samkit/Documents/smai/smai-m24-assignments-samkit-2512j/models/MLP/mlp_wandb.py", line 194, in fit
    zeros[i]=1
IndexError: list assignment index out of range

During handling of the above exception, another exception occurred:

Traceback (most recent call last):
  File "/home/samkit/anaconda3/envs/normal/lib/python3.8/site-packages/wandb/sdk/wandb_run.py", line 2440, in _atexit_cleanup
    self._on_finish()
  File "/home/samkit/anaconda3/envs/normal/lib/python3.8/site-packages/wandb/sdk/wandb_run.py", line 2682, in _on_finish
    _ = exit_handle.wait(timeout=-1, on_progress=self._on_progress_exit)
  File "/home/samkit/anaconda3/envs/normal/lib/python3.8/site-packages/wandb/sdk/lib/mailbox.py", line 283, in wait
    found, abandoned = self._slot._get_and_clear(timeout=wait_timeout)
  File "/home/samkit/anaconda3/envs/normal/lib/python3.8/site-packages/wandb/sdk/lib/mailbox.py", line 130, in _get_and_clear
    if self._wait(timeout=timeout):
  File "/home/samkit/anaconda3/envs/normal/lib/python3.8/site-packages/wandb/sdk/lib/mailbox.py", line 126, in _wait
    return self._event.wait(timeout=timeout)
  File "/home/samkit/anaconda3/envs/normal/lib/python3.8/threading.py", line 558, in wait
    signaled = self._cond.wait(timeout)
  File "/home/samkit/anaconda3/envs/normal/lib/python3.8/threading.py", line 306, in wait
    gotit = waiter.acquire(True, timeout)
Exception
2024-10-13 18:43:07,166 WARNING MsgRouterThr:74525 [router.py:message_loop():77] message_loop has been closed
